0 info it worked if it ends with ok
1 verbose cli [ 'node', '/usr/local/bin/npm', 'install', '-g', 'learnyounode' ]
2 info using npm@1.4.14
3 info using node@v0.10.29
4 verbose cache add [ 'learnyounode', null ]
5 verbose cache add name=undefined spec="learnyounode" args=["learnyounode",null]
6 verbose parsed url { protocol: null,
6 verbose parsed url   slashes: null,
6 verbose parsed url   auth: null,
6 verbose parsed url   host: null,
6 verbose parsed url   port: null,
6 verbose parsed url   hostname: null,
6 verbose parsed url   hash: null,
6 verbose parsed url   search: null,
6 verbose parsed url   query: null,
6 verbose parsed url   pathname: 'learnyounode',
6 verbose parsed url   path: 'learnyounode',
6 verbose parsed url   href: 'learnyounode' }
7 silly lockFile 8d456d9f-learnyounode learnyounode
8 verbose lock learnyounode /Users/kendog/.npm/8d456d9f-learnyounode.lock
9 silly lockFile 8d456d9f-learnyounode learnyounode
10 silly lockFile 8d456d9f-learnyounode learnyounode
11 verbose addNamed [ 'learnyounode', '' ]
12 verbose addNamed [ null, '*' ]
13 silly lockFile a353de34-learnyounode learnyounode@
14 verbose lock learnyounode@ /Users/kendog/.npm/a353de34-learnyounode.lock
15 silly addNameRange { name: 'learnyounode', range: '*', hasData: false }
16 verbose url raw learnyounode
17 verbose url resolving [ 'https://registry.npmjs.org/', './learnyounode' ]
18 verbose url resolved https://registry.npmjs.org/learnyounode
19 info trying registry request attempt 1 at 14:48:43
20 http GET https://registry.npmjs.org/learnyounode
21 http 200 https://registry.npmjs.org/learnyounode
22 silly registry.get cb [ 200,
22 silly registry.get   { date: 'Fri, 27 Jun 2014 21:48:44 GMT',
22 silly registry.get     server: 'CouchDB/1.5.0 (Erlang OTP/R16B03)',
22 silly registry.get     etag: '"5O39X9PMZEG2XLZGBGCOMUCFD"',
22 silly registry.get     'content-type': 'application/json',
22 silly registry.get     'cache-control': 'max-age=30',
22 silly registry.get     'content-length': '56033',
22 silly registry.get     'accept-ranges': 'bytes',
22 silly registry.get     via: '1.1 varnish',
22 silly registry.get     age: '0',
22 silly registry.get     'x-served-by': 'cache-lax1435-LAX',
22 silly registry.get     'x-cache': 'MISS',
22 silly registry.get     'x-cache-hits': '0',
22 silly registry.get     'x-timer': 'S1403905724.005836,VS0,VE112',
22 silly registry.get     vary: 'Accept',
22 silly registry.get     'keep-alive': 'timeout=10, max=50',
22 silly registry.get     connection: 'Keep-Alive' } ]
23 silly addNameRange number 2 { name: 'learnyounode', range: '*', hasData: true }
24 silly addNameRange versions [ 'learnyounode',
24 silly addNameRange   [ '0.0.0',
24 silly addNameRange     '0.0.1',
24 silly addNameRange     '0.0.2',
24 silly addNameRange     '0.0.3',
24 silly addNameRange     '0.0.4',
24 silly addNameRange     '0.0.5',
24 silly addNameRange     '0.0.6',
24 silly addNameRange     '0.0.7',
24 silly addNameRange     '0.0.8',
24 silly addNameRange     '0.0.9',
24 silly addNameRange     '0.1.0',
24 silly addNameRange     '0.1.1',
24 silly addNameRange     '0.2.0',
24 silly addNameRange     '0.2.1',
24 silly addNameRange     '0.2.2',
24 silly addNameRange     '0.2.3',
24 silly addNameRange     '0.2.4',
24 silly addNameRange     '0.2.5',
24 silly addNameRange     '0.2.6',
24 silly addNameRange     '0.2.7',
24 silly addNameRange     '0.2.8',
24 silly addNameRange     '0.2.9',
24 silly addNameRange     '0.2.10',
24 silly addNameRange     '0.2.11',
24 silly addNameRange     '0.2.12',
24 silly addNameRange     '0.2.13',
24 silly addNameRange     '0.2.14',
24 silly addNameRange     '0.2.15',
24 silly addNameRange     '0.2.16',
24 silly addNameRange     '0.2.16-mimbug',
24 silly addNameRange     '0.3.0',
24 silly addNameRange     '0.3.1',
24 silly addNameRange     '0.3.2',
24 silly addNameRange     '0.3.3',
24 silly addNameRange     '0.4.0',
24 silly addNameRange     '0.4.1',
24 silly addNameRange     '1.0.0-alpha01',
24 silly addNameRange     '1.0.0',
24 silly addNameRange     '1.0.1' ] ]
25 verbose addNamed [ 'learnyounode', '1.0.1' ]
26 verbose addNamed [ '1.0.1', '1.0.1' ]
27 silly lockFile 22adafd5-learnyounode-1-0-1 learnyounode@1.0.1
28 verbose lock learnyounode@1.0.1 /Users/kendog/.npm/22adafd5-learnyounode-1-0-1.lock
29 silly lockFile 759a4b43-rnyounode-learnyounode-1-0-1-tgz https://registry.npmjs.org/learnyounode/-/learnyounode-1.0.1.tgz
30 verbose lock https://registry.npmjs.org/learnyounode/-/learnyounode-1.0.1.tgz /Users/kendog/.npm/759a4b43-rnyounode-learnyounode-1-0-1-tgz.lock
31 verbose addRemoteTarball [ 'https://registry.npmjs.org/learnyounode/-/learnyounode-1.0.1.tgz',
31 verbose addRemoteTarball   '6016656bfb62b02acb88aa44cc4d0216ef095638' ]
32 info retry fetch attempt 1 at 14:48:44
33 verbose fetch to= /var/folders/jd/h6_j713j1_xgxbnsjqtr2p8r0000gn/T/npm-1056-ukfpWdYS/registry.npmjs.org/learnyounode/-/learnyounode-1.0.1.tgz
34 http GET https://registry.npmjs.org/learnyounode/-/learnyounode-1.0.1.tgz
35 http 200 https://registry.npmjs.org/learnyounode/-/learnyounode-1.0.1.tgz
36 silly lockFile 759a4b43-rnyounode-learnyounode-1-0-1-tgz https://registry.npmjs.org/learnyounode/-/learnyounode-1.0.1.tgz
37 silly lockFile 759a4b43-rnyounode-learnyounode-1-0-1-tgz https://registry.npmjs.org/learnyounode/-/learnyounode-1.0.1.tgz
38 silly lockFile 22adafd5-learnyounode-1-0-1 learnyounode@1.0.1
39 silly lockFile 22adafd5-learnyounode-1-0-1 learnyounode@1.0.1
40 silly lockFile a353de34-learnyounode learnyounode@
41 silly lockFile a353de34-learnyounode learnyounode@
42 silly resolved [ { name: 'learnyounode',
42 silly resolved     version: '1.0.1',
42 silly resolved     description: 'Learn You The Node.js For Much Win! An intro to Node.js via a set of self-guided workshops.',
42 silly resolved     author:
42 silly resolved      { name: 'Rod Vagg',
42 silly resolved        email: 'rod@vagg.org',
42 silly resolved        url: 'https://github.com/rvagg' },
42 silly resolved     contributors: [ [Object], [Object], [Object], [Object], [Object], [Object] ],
42 silly resolved     repository:
42 silly resolved      { type: 'git',
42 silly resolved        url: 'https://github.com/rvagg/learnyounode.git' },
42 silly resolved     license: 'MIT',
42 silly resolved     dependencies:
42 silly resolved      { workshopper: '^1.0.0-alpha05',
42 silly resolved        'workshopper-exercise': '^0.2.2',
42 silly resolved        'workshopper-wrappedexec': '^0.1.1',
42 silly resolved        'workshopper-boilerplate': '0.0.1',
42 silly resolved        'concat-stream': '^1.4.1',
42 silly resolved        duplexer: '^0.1.1',
42 silly resolved        through: '^2.3.4',
42 silly resolved        boganipsum: '^0.1.0',
42 silly resolved        hyperquest: '^0.2.0',
42 silly resolved        bl: '^0.7.0',
42 silly resolved        'through2-map': '^1.2.1',
42 silly resolved        'colors-tmpl': '^0.1.0',
42 silly resolved        after: '^0.8.1',
42 silly resolved        rimraf: '^2.2.6',
42 silly resolved        chalk: '^0.4.0',
42 silly resolved        through2: '^0.4.1' },
42 silly resolved     bin: { learnyounode: './learnyounode.js' },
42 silly resolved     preferGlobal: true,
42 silly resolved     gitHead: '24b17a7b37b0b89c4d2c980e4d3492da70f7f9c6',
42 silly resolved     bugs: { url: 'https://github.com/rvagg/learnyounode/issues' },
42 silly resolved     homepage: 'https://github.com/rvagg/learnyounode',
42 silly resolved     _id: 'learnyounode@1.0.1',
42 silly resolved     scripts: {},
42 silly resolved     _shasum: '6016656bfb62b02acb88aa44cc4d0216ef095638',
42 silly resolved     _from: 'learnyounode@',
42 silly resolved     _npmVersion: '1.4.14',
42 silly resolved     _npmUser: { name: 'rvagg', email: 'rod@vagg.org' },
42 silly resolved     maintainers: [ [Object] ],
42 silly resolved     dist:
42 silly resolved      { shasum: '6016656bfb62b02acb88aa44cc4d0216ef095638',
42 silly resolved        tarball: 'http://registry.npmjs.org/learnyounode/-/learnyounode-1.0.1.tgz' },
42 silly resolved     directories: {},
42 silly resolved     _resolved: 'https://registry.npmjs.org/learnyounode/-/learnyounode-1.0.1.tgz' } ]
43 info install learnyounode@1.0.1 into /usr/local/lib
44 info installOne learnyounode@1.0.1
45 info /usr/local/lib/node_modules/learnyounode unbuild
46 verbose tar unpack /Users/kendog/.npm/learnyounode/1.0.1/package.tgz
47 silly lockFile 97422473-al-lib-node-modules-learnyounode tar:///usr/local/lib/node_modules/learnyounode
48 verbose lock tar:///usr/local/lib/node_modules/learnyounode /Users/kendog/.npm/97422473-al-lib-node-modules-learnyounode.lock
49 silly lockFile 89108e2e-m-learnyounode-1-0-1-package-tgz tar:///Users/kendog/.npm/learnyounode/1.0.1/package.tgz
50 verbose lock tar:///Users/kendog/.npm/learnyounode/1.0.1/package.tgz /Users/kendog/.npm/89108e2e-m-learnyounode-1-0-1-package-tgz.lock
51 silly gunzTarPerm modes [ '755', '644' ]
52 error Error: EACCES, mkdir '/usr/local/lib/node_modules/learnyounode'
52 error  { [Error: EACCES, mkdir '/usr/local/lib/node_modules/learnyounode']
52 error   errno: 3,
52 error   code: 'EACCES',
52 error   path: '/usr/local/lib/node_modules/learnyounode',
52 error   fstream_type: 'Directory',
52 error   fstream_path: '/usr/local/lib/node_modules/learnyounode',
52 error   fstream_class: 'DirWriter',
52 error   fstream_stack:
52 error    [ '/usr/local/lib/node_modules/npm/node_modules/fstream/lib/dir-writer.js:36:23',
52 error      '/usr/local/lib/node_modules/npm/node_modules/mkdirp/index.js:37:53',
52 error      'Object.oncomplete (fs.js:107:15)' ] }
53 error Please try running this command again as root/Administrator.
54 error System Darwin 13.2.0
55 error command "node" "/usr/local/bin/npm" "install" "-g" "learnyounode"
56 error cwd /Users/kendog/Desktop/cliq/Cliq
57 error node -v v0.10.29
58 error npm -v 1.4.14
59 error path /usr/local/lib/node_modules/learnyounode
60 error fstream_path /usr/local/lib/node_modules/learnyounode
61 error fstream_type Directory
62 error fstream_class DirWriter
63 error code EACCES
64 error errno 3
65 error stack Error: EACCES, mkdir '/usr/local/lib/node_modules/learnyounode'
66 error fstream_stack /usr/local/lib/node_modules/npm/node_modules/fstream/lib/dir-writer.js:36:23
66 error fstream_stack /usr/local/lib/node_modules/npm/node_modules/mkdirp/index.js:37:53
66 error fstream_stack Object.oncomplete (fs.js:107:15)
67 verbose exit [ 3, true ]
